INFO:     Will watch for changes in these directories: ['/Users/markjhlee/Documents/Antigravity/NSS_Word_Master']
INFO:     Uvicorn running on http://0.0.0.0:8000 (Press CTRL+C to quit)
INFO:     Started reloader process [26451] using StatReload
INFO:     Started server process [26454]
INFO:     Waiting for application startup.
2026-04-14 15:10:54,243 [INFO] backend.folder_watcher: 폴더 감시 시작: /Users/markjhlee/NSS_Learning/English/Voca_8000
INFO:     Application startup complete.
INFO:     127.0.0.1:50094 - "GET /api/subjects HTTP/1.1" 200 OK
INFO:     127.0.0.1:50098 - "GET /api/study/English/Voca_8000/Lesson_14 HTTP/1.1" 200 OK
INFO:     127.0.0.1:50101 - "GET /ingest HTTP/1.1" 200 OK
INFO:     127.0.0.1:50101 - "GET /api/textbooks/English HTTP/1.1" 200 OK
INFO:     127.0.0.1:50101 - "GET /api/voca/folders?textbook=Voca_8000 HTTP/1.1" 200 OK
WARNING:  StatReload detected changes in 'backend/ocr_vision.py'. Reloading...
INFO:     Shutting down
INFO:     Waiting for application shutdown.
INFO:     Application shutdown complete.
INFO:     Finished server process [26454]
INFO:     Started server process [28876]
INFO:     Waiting for application startup.
2026-04-14 15:21:12,894 [INFO] backend.folder_watcher: 폴더 감시 시작: /Users/markjhlee/NSS_Learning/English/Voca_8000
INFO:     Application startup complete.
WARNING:  StatReload detected changes in 'backend/main.py'. Reloading...
INFO:     Shutting down
INFO:     Waiting for application shutdown.
INFO:     Application shutdown complete.
INFO:     Finished server process [28876]
INFO:     Started server process [37675]
INFO:     Waiting for application startup.
2026-04-14 15:56:13,093 [INFO] backend.folder_watcher: 폴더 감시 시작: /Users/markjhlee/NSS_Learning/English/Voca_8000
INFO:     Application startup complete.
WARNING:  StatReload detected changes in 'backend/models.py'. Reloading...
INFO:     Shutting down
INFO:     Waiting for application shutdown.
INFO:     Application shutdown complete.
INFO:     Finished server process [37675]
INFO:     Started server process [39059]
INFO:     Waiting for application startup.
2026-04-14 16:01:41,716 [INFO] backend.folder_watcher: 폴더 감시 시작: /Users/markjhlee/NSS_Learning/English/Voca_8000
INFO:     Application startup complete.
WARNING:  StatReload detected changes in 'backend/main.py'. Reloading...
INFO:     Shutting down
INFO:     Waiting for application shutdown.
INFO:     Application shutdown complete.
INFO:     Finished server process [39059]
INFO:     Started server process [41614]
INFO:     Waiting for application startup.
2026-04-14 16:12:31,775 [INFO] backend.folder_watcher: 폴더 감시 시작: /Users/markjhlee/NSS_Learning/English/Voca_8000
INFO:     Application startup complete.
WARNING:  StatReload detected changes in 'backend/main.py'. Reloading...
INFO:     Shutting down
INFO:     Waiting for application shutdown.
INFO:     Application shutdown complete.
INFO:     Finished server process [41614]
INFO:     Started server process [41780]
INFO:     Waiting for application startup.
2026-04-14 16:13:13,056 [INFO] backend.folder_watcher: 폴더 감시 시작: /Users/markjhlee/NSS_Learning/English/Voca_8000
INFO:     Application startup complete.
